<?xml version="1.0" encoding="UTF-8"?>
<testsuite name="challenge.AppTest" tests="1" skipped="0" failures="0" errors="0" timestamp="2022-12-30T17:21:05" hostname="AR0FVFCH1VCL415" time="0.013">
  <properties/>
  <testcase name="appHasAGreeting()" classname="challenge.AppTest" time="0.013"/>
  <system-out><![CDATA[]]></system-out>
  <system-err><![CDATA[]]></system-err>
</testsuite>
